  [1m[35m (3.7ms)[0m  [1m[34mSELECT sqlite_version(*)[0m
  [1m[35m (2.5ms)[0m  [1m[35mCREATE TABLE "schema_migrations" ("version" varchar NOT NULL PRIMARY KEY)[0m
  [1m[35m (1.5ms)[0m  [1m[35mCREATE TABLE "ar_internal_metadata" ("key" varchar NOT NULL PRIMARY KEY, "value" varchar, "created_at" datetime(6) NOT NULL, "updated_at" datetime(6) NOT NULL)[0m
  [1m[35m (0.2ms)[0m  [1m[34mSELECT "schema_migrations"."version" FROM "schema_migrations" ORDER BY "schema_migrations"."version" ASC[0m
Migrating to CreateUsers (20221122133925)
  [1m[36mTRANSACTION (0.1ms)[0m  [1m[36mbegin transaction[0m
  [1m[35m (0.7ms)[0m  [1m[35mCREATE TABLE "users" ("id" integer PRIMARY KEY AUTOINCREMENT NOT NULL, "name" varchar, "email" varchar, "phone" varchar, "age" varchar, "city" varchar, "country" varchar, "state" varchar, "photo" varchar, "follow" boolean, "created_at" datetime(6) NOT NULL, "updated_at" datetime(6) NOT NULL)[0m
  [1m[36mActiveRecord::SchemaMigration Create (0.2ms)[0m  [1m[32mINSERT INTO "schema_migrations" ("version") VALUES (?)[0m  [["version", "20221122133925"]]
  [1m[36mTRANSACTION (1.3ms)[0m  [1m[36mcommit transaction[0m
  [1m[36mActiveRecord::InternalMetadata Load (0.3ms)[0m  [1m[34mSELECT "ar_internal_metadata".* FROM "ar_internal_metadata" WHERE "ar_internal_metadata"."key" = ? LIMIT ?[0m  [["key", "environment"], ["LIMIT", 1]]
  [1m[36mTRANSACTION (0.0ms)[0m  [1m[36mbegin transaction[0m
  [1m[36mActiveRecord::InternalMetadata Create (0.3ms)[0m  [1m[32mINSERT INTO "ar_internal_metadata" ("key", "value", "created_at", "updated_at") VALUES (?, ?, ?, ?)[0m  [["key", "environment"], ["value", "development"], ["created_at", "2022-11-22 13:40:02.493496"], ["updated_at", "2022-11-22 13:40:02.493496"]]
  [1m[36mTRANSACTION (1.2ms)[0m  [1m[36mcommit transaction[0m
  [1m[35m (0.0ms)[0m  [1m[34mSELECT sqlite_version(*)[0m
  [1m[35m (0.1ms)[0m  [1m[34mSELECT "schema_migrations"."version" FROM "schema_migrations" ORDER BY "schema_migrations"."version" ASC[0m
  [1m[35m (0.9ms)[0m  [1m[34mSELECT sqlite_version(*)[0m
  [1m[36mTRANSACTION (0.1ms)[0m  [1m[36mbegin transaction[0m
  [1m[36mUser Create (0.6ms)[0m  [1m[32mINSERT INTO "users" ("name", "email", "phone", "age", "city", "country", "state", "photo", "follow", "created_at", "updated_at") VALUES (?, ?, ?, ?, ?, ?, ?, ?, ?, ?, ?)[0m  [["name", "Carlos"], ["email", "iamcarloseduardo@hotmail.com"], ["phone", "(\n  13) 996431526"], ["age", "22"], ["city", "Santos"], ["country", "Brasil"], ["state", "São Paulo"], ["photo", "url"], ["follow", 0], ["created_at", "2022-11-22 13:40:26.473921"], ["updated_at", "2022-11-22 13:40:26.473921"]]
  [1m[36mTRANSACTION (1.1ms)[0m  [1m[36mcommit transaction[0m
Started GET "/people" for ::1 at 2022-11-22 10:40:46 -0300
  [1m[35m (1.0ms)[0m  [1m[34mSELECT sqlite_version(*)[0m
  [1m[35m (0.8ms)[0m  [1m[34mSELECT "schema_migrations"."version" FROM "schema_migrations" ORDER BY "schema_migrations"."version" ASC[0m
  
ActionController::RoutingError (No route matches [GET] "/people"):
  
Started GET "/favicon.ico" for ::1 at 2022-11-22 10:40:46 -0300
  
ActionController::RoutingError (No route matches [GET] "/favicon.ico"):
  
Started GET "/user" for ::1 at 2022-11-22 10:40:49 -0300
  
ActionController::RoutingError (No route matches [GET] "/user"):
  
Started GET "/users" for ::1 at 2022-11-22 10:40:53 -0300
Processing by UsersController#index as HTML
  [1m[36mUser Load (0.8ms)[0m  [1m[34mSELECT "users".* FROM "users"[0m
  ↳ app/controllers/users_controller.rb:8:in `index'
Completed 200 OK in 33ms (Views: 23.3ms | ActiveRecord: 4.0ms | Allocations: 8227)


Started OPTIONS "/users" for ::1 at 2022-11-22 10:42:08 -0300
Started OPTIONS "/users" for ::1 at 2022-11-22 10:42:08 -0300
  
ActionController::RoutingError (No route matches [OPTIONS] "/users"):
  
  
ActionController::RoutingError (No route matches [OPTIONS] "/users"):
  
Started OPTIONS "/" for ::1 at 2022-11-22 10:42:41 -0300
  
ActionController::RoutingError (No route matches [OPTIONS] "/"):
  
Started OPTIONS "/" for ::1 at 2022-11-22 10:42:42 -0300
  
ActionController::RoutingError (No route matches [OPTIONS] "/"):
  
Started OPTIONS "/users" for ::1 at 2022-11-22 10:42:54 -0300
  
ActionController::RoutingError (No route matches [OPTIONS] "/users"):
  
Started OPTIONS "/users" for ::1 at 2022-11-22 10:42:54 -0300
  
ActionController::RoutingError (No route matches [OPTIONS] "/users"):
  
Started OPTIONS "/users" for ::1 at 2022-11-22 10:43:39 -0300
  
ActionController::RoutingError (No route matches [OPTIONS] "/users"):
  
Started OPTIONS "/users" for ::1 at 2022-11-22 10:43:39 -0300
  
ActionController::RoutingError (No route matches [OPTIONS] "/users"):
  
Started GET "/users" for ::1 at 2022-11-22 10:43:41 -0300
Processing by UsersController#index as HTML
  [1m[35m (0.1ms)[0m  [1m[34mSELECT sqlite_version(*)[0m
  ↳ app/controllers/users_controller.rb:8:in `index'
  [1m[36mUser Load (0.2ms)[0m  [1m[34mSELECT "users".* FROM "users"[0m
  ↳ app/controllers/users_controller.rb:8:in `index'
Completed 200 OK in 16ms (Views: 13.1ms | ActiveRecord: 1.4ms | Allocations: 7805)


Started GET "/users" for ::1 at 2022-11-22 10:43:42 -0300
Processing by UsersController#index as HTML
  [1m[36mUser Load (1.5ms)[0m  [1m[34mSELECT "users".* FROM "users"[0m
  ↳ app/controllers/users_controller.rb:8:in `index'
Completed 200 OK in 5ms (Views: 3.4ms | ActiveRecord: 1.5ms | Allocations: 839)


Started GET "/users" for ::1 at 2022-11-22 10:44:45 -0300
  [1m[35m (1.5ms)[0m  [1m[34mSELECT sqlite_version(*)[0m
  [1m[35m (0.6ms)[0m  [1m[34mSELECT "schema_migrations"."version" FROM "schema_migrations" ORDER BY "schema_migrations"."version" ASC[0m
Processing by UsersController#index as HTML
  [1m[36mUser Load (1.1ms)[0m  [1m[34mSELECT "users".* FROM "users"[0m
  ↳ app/controllers/users_controller.rb:8:in `index'
Completed 200 OK in 39ms (Views: 26.1ms | ActiveRecord: 2.5ms | Allocations: 10294)


Started GET "/users" for ::1 at 2022-11-22 10:45:12 -0300
Processing by UsersController#index as HTML
  [1m[36mUser Load (0.1ms)[0m  [1m[34mSELECT "users".* FROM "users"[0m
  ↳ app/controllers/users_controller.rb:8:in `index'
Completed 200 OK in 2ms (Views: 1.2ms | ActiveRecord: 0.1ms | Allocations: 828)


Started GET "/users" for ::1 at 2022-11-22 10:49:49 -0300
  [1m[35m (1.7ms)[0m  [1m[34mSELECT sqlite_version(*)[0m
  [1m[35m (0.5ms)[0m  [1m[34mSELECT "schema_migrations"."version" FROM "schema_migrations" ORDER BY "schema_migrations"."version" ASC[0m
Processing by UsersController#index as */*
  [1m[36mUser Load (1.0ms)[0m  [1m[34mSELECT "users".* FROM "users"[0m
  ↳ app/controllers/users_controller.rb:8:in `index'
Completed 200 OK in 36ms (Views: 22.0ms | ActiveRecord: 1.9ms | Allocations: 10281)


Started GET "/users" for ::1 at 2022-11-22 10:49:49 -0300
Processing by UsersController#index as */*
  [1m[36mUser Load (0.2ms)[0m  [1m[34mSELECT "users".* FROM "users"[0m
  ↳ app/controllers/users_controller.rb:8:in `index'
Completed 200 OK in 3ms (Views: 2.7ms | ActiveRecord: 0.2ms | Allocations: 832)


Started GET "/ajns" for ::1 at 2022-11-22 11:05:03 -0300
  
ActionController::RoutingError (No route matches [GET] "/ajns"):
  
Started GET "/rails/info/routes?path=user" for ::1 at 2022-11-22 11:05:07 -0300
Processing by Rails::InfoController#routes as */*
  Parameters: {"path"=>"user"}
Completed 200 OK in 13ms (Views: 0.2ms | Allocations: 2810)


Started GET "/rails/info/routes?path=users" for ::1 at 2022-11-22 11:05:09 -0300
Processing by Rails::InfoController#routes as */*
  Parameters: {"path"=>"users"}
Completed 200 OK in 2ms (Views: 0.3ms | Allocations: 626)


Started GET "/rails/info/routes?path=us" for ::1 at 2022-11-22 11:05:11 -0300
Processing by Rails::InfoController#routes as */*
  Parameters: {"path"=>"us"}
Completed 200 OK in 1ms (Views: 0.2ms | Allocations: 621)


Started GET "/users" for ::1 at 2022-11-22 11:08:38 -0300
  [1m[35m (2.2ms)[0m  [1m[34mSELECT sqlite_version(*)[0m
  [1m[35m (2.4ms)[0m  [1m[34mSELECT "schema_migrations"."version" FROM "schema_migrations" ORDER BY "schema_migrations"."version" ASC[0m
  
ActionController::RoutingError (No route matches [GET] "/users"):
  
Started GET "/users" for ::1 at 2022-11-22 11:08:38 -0300
  
ActionController::RoutingError (No route matches [GET] "/users"):
  
Started GET "/users" for ::1 at 2022-11-22 11:09:03 -0300
  
ActionController::RoutingError (No route matches [GET] "/users"):
  
Started GET "/users" for ::1 at 2022-11-22 11:11:29 -0300
  
ActionController::RoutingError (No route matches [GET] "/users"):
  
Started GET "/rails/info/routes?path=user" for ::1 at 2022-11-22 11:11:32 -0300
Processing by Rails::InfoController#routes as */*
  Parameters: {"path"=>"user"}
Completed 200 OK in 5ms (Views: 0.3ms | Allocations: 2478)


Started GET "/rails/info/routes?path=users" for ::1 at 2022-11-22 11:11:33 -0300
Processing by Rails::InfoController#routes as */*
  Parameters: {"path"=>"users"}
Completed 200 OK in 1ms (Views: 0.3ms | Allocations: 650)


Started GET "/users" for ::1 at 2022-11-22 11:11:39 -0300
  
ActionController::RoutingError (No route matches [GET] "/users"):
  
Started GET "/users/1" for ::1 at 2022-11-22 11:11:43 -0300
Processing by UsersController#show as HTML
  Parameters: {"id"=>"1"}
  [1m[35m (0.2ms)[0m  [1m[34mSELECT sqlite_version(*)[0m
  ↳ app/controllers/users_controller.rb:44:in `set_user'
  [1m[36mUser Load (1.2ms)[0m  [1m[34mSELECT "users".* FROM "users" WHERE "users"."id" = ? LIMIT ?[0m  [["id", 1], ["LIMIT", 1]]
  ↳ app/controllers/users_controller.rb:44:in `set_user'
Completed 200 OK in 43ms (Views: 1.1ms | ActiveRecord: 3.7ms | Allocations: 9429)


Started GET "/users" for ::1 at 2022-11-22 11:11:52 -0300
  
ActionController::RoutingError (No route matches [GET] "/users"):
  
Started GET "/users" for ::1 at 2022-11-22 11:12:07 -0300
Processing by UsersController#index as HTML
  [1m[35m (0.1ms)[0m  [1m[34mSELECT sqlite_version(*)[0m
  ↳ app/controllers/users_controller.rb:8:in `index'
  [1m[36mUser Load (0.6ms)[0m  [1m[34mSELECT "users".* FROM "users"[0m
  ↳ app/controllers/users_controller.rb:8:in `index'
Completed 200 OK in 15ms (Views: 12.5ms | ActiveRecord: 1.7ms | Allocations: 7819)


Started GET "/users" for ::1 at 2022-11-22 11:14:30 -0300
Processing by UsersController#index as */*
  [1m[36mUser Load (0.1ms)[0m  [1m[34mSELECT "users".* FROM "users"[0m
  ↳ app/controllers/users_controller.rb:8:in `index'
Completed 200 OK in 2ms (Views: 1.1ms | ActiveRecord: 0.1ms | Allocations: 846)


Started GET "/users" for ::1 at 2022-11-22 11:14:30 -0300
Processing by UsersController#index as */*
  [1m[36mUser Load (0.1ms)[0m  [1m[34mSELECT "users".* FROM "users"[0m
  ↳ app/controllers/users_controller.rb:8:in `index'
Completed 200 OK in 1ms (Views: 1.1ms | ActiveRecord: 0.1ms | Allocations: 816)


  [1m[35m (1.2ms)[0m  [1m[34mSELECT sqlite_version(*)[0m
  [1m[35m (0.6ms)[0m  [1m[34mSELECT "schema_migrations"."version" FROM "schema_migrations" ORDER BY "schema_migrations"."version" ASC[0m
  [1m[35m (1.7ms)[0m  [1m[34mSELECT "ar_internal_metadata"."value" FROM "ar_internal_metadata" WHERE "ar_internal_metadata"."key" = ?[0m  [["key", "environment"]]
  [1m[35m (0.1ms)[0m  [1m[34mSELECT "schema_migrations"."version" FROM "schema_migrations" ORDER BY "schema_migrations"."version" ASC[0m
  [1m[35m (0.1ms)[0m  [1m[34mSELECT "ar_internal_metadata"."value" FROM "ar_internal_metadata" WHERE "ar_internal_metadata"."key" = ?[0m  [["key", "environment"]]
  [1m[35m (0.1ms)[0m  [1m[34mSELECT "schema_migrations"."version" FROM "schema_migrations" ORDER BY "schema_migrations"."version" ASC[0m
  [1m[35m (0.1ms)[0m  [1m[34mSELECT "ar_internal_metadata"."value" FROM "ar_internal_metadata" WHERE "ar_internal_metadata"."key" = ?[0m  [["key", "environment"]]
  [1m[35m (1.1ms)[0m  [1m[34mSELECT sqlite_version(*)[0m
  [1m[35m (0.6ms)[0m  [1m[34mSELECT sqlite_version(*)[0m
  [1m[35m (0.0ms)[0m  [1m[34mSELECT sqlite_version(*)[0m
  [1m[35m (0.5ms)[0m  [1m[34mSELECT sqlite_version(*)[0m
  [1m[35m (7.1ms)[0m  [1m[35mCREATE TABLE "schema_migrations" ("version" varchar NOT NULL PRIMARY KEY)[0m
  [1m[35m (2.6ms)[0m  [1m[35mCREATE TABLE "ar_internal_metadata" ("key" varchar NOT NULL PRIMARY KEY, "value" varchar, "created_at" datetime(6) NOT NULL, "updated_at" datetime(6) NOT NULL)[0m
  [1m[35m (0.2ms)[0m  [1m[34mSELECT "schema_migrations"."version" FROM "schema_migrations" ORDER BY "schema_migrations"."version" ASC[0m
Migrating to CreateUsers (20221122133925)
  [1m[36mTRANSACTION (0.1ms)[0m  [1m[36mbegin transaction[0m
  [1m[35m (0.4ms)[0m  [1m[35mCREATE TABLE "users" ("id" integer PRIMARY KEY AUTOINCREMENT NOT NULL, "name" varchar, "email" varchar, "phone" varchar, "age" varchar, "city" varchar, "country" varchar, "state" varchar, "photo" varchar, "follow" boolean, "created_at" datetime(6) NOT NULL, "updated_at" datetime(6) NOT NULL)[0m
  [1m[36mActiveRecord::SchemaMigration Create (0.7ms)[0m  [1m[32mINSERT INTO "schema_migrations" ("version") VALUES (?)[0m  [["version", "20221122133925"]]
  [1m[36mTRANSACTION (0.9ms)[0m  [1m[36mcommit transaction[0m
  [1m[36mActiveRecord::InternalMetadata Load (0.2ms)[0m  [1m[34mSELECT "ar_internal_metadata".* FROM "ar_internal_metadata" WHERE "ar_internal_metadata"."key" = ? LIMIT ?[0m  [["key", "environment"], ["LIMIT", 1]]
  [1m[36mTRANSACTION (0.0ms)[0m  [1m[36mbegin transaction[0m
  [1m[36mActiveRecord::InternalMetadata Create (0.3ms)[0m  [1m[32mINSERT INTO "ar_internal_metadata" ("key", "value", "created_at", "updated_at") VALUES (?, ?, ?, ?)[0m  [["key", "environment"], ["value", "development"], ["created_at", "2022-11-22 14:20:56.297390"], ["updated_at", "2022-11-22 14:20:56.297390"]]
  [1m[36mTRANSACTION (0.9ms)[0m  [1m[36mcommit transaction[0m
  [1m[35m (0.1ms)[0m  [1m[34mSELECT sqlite_version(*)[0m
  [1m[35m (0.1ms)[0m  [1m[34mSELECT "schema_migrations"."version" FROM "schema_migrations" ORDER BY "schema_migrations"."version" ASC[0m
  [1m[35m (0.9ms)[0m  [1m[34mSELECT sqlite_version(*)[0m
  [1m[35m (0.1ms)[0m  [1m[34mSELECT "schema_migrations"."version" FROM "schema_migrations" ORDER BY "schema_migrations"."version" ASC[0m
